2025-12-29 01:43:09,347 | ======================================================================
2025-12-29 01:43:09,348 | FDSE TEST 1 — START
2025-12-29 01:43:09,348 | ======================================================================
2025-12-29 01:43:09,348 | AIR_JUDGE_FUNCTION : HARD_FAIL
2025-12-29 01:43:09,348 | FDSE_RESIDUAL      : 1.130000e-01
2025-12-29 01:43:09,349 | FDSE_FAIL_COUNT    : 1
2025-12-29 01:43:09,349 | FDSE_ACTION        : REVERT_TO_Z_FRAME
2025-12-29 01:43:09,349 | AIR_JUDGE_FUNCTION : HARD_FAIL
2025-12-29 01:43:09,349 | FDSE_RESIDUAL      : 1.130000e-01
2025-12-29 01:43:09,349 | FDSE_FAIL_COUNT    : 2
2025-12-29 01:43:09,350 | FDSE_ACTION        : REVERT_TO_Z_FRAME
2025-12-29 01:43:09,350 | AIR_JUDGE_FUNCTION : HARD_FAIL
2025-12-29 01:43:09,350 | FDSE_RESIDUAL      : 1.130000e-01
2025-12-29 01:43:09,350 | FDSE_FAIL_COUNT    : 3
2025-12-29 01:43:09,351 | FDSE_ACTION        : WHITE_ROOM
2025-12-29 01:43:09,351 | AIR_JUDGE_FUNCTION : HARD_FAIL
2025-12-29 01:43:09,351 | FDSE_RESIDUAL      : 1.130000e-01
2025-12-29 01:43:09,351 | FDSE_FAIL_COUNT    : 4
2025-12-29 01:43:09,351 | FDSE_ACTION        : WHITE_ROOM
2025-12-29 01:43:09,352 | AIR_JUDGE_FUNCTION : HARD_FAIL
2025-12-29 01:43:09,352 | FDSE_RESIDUAL      : 1.130000e-01
2025-12-29 01:43:09,352 | FDSE_FAIL_COUNT    : 5
2025-12-29 01:43:09,352 | FDSE_ACTION        : WHITE_ROOM
2025-12-29 01:43:09,352 | ======================================================================
2025-12-29 01:43:09,353 | FDSE TEST 1 — COMPLETE
2025-12-29 01:43:09,353 | ======================================================================
2025-12-29 01:43:09,353 | ======================================================================
2025-12-29 01:43:09,353 | FDSE TEST 2 — START
2025-12-29 01:43:09,353 | ======================================================================
2025-12-29 01:43:09,354 | AIR_JUDGE_FUNCTION : HARD_FAIL
2025-12-29 01:43:09,354 | FDSE_RESIDUAL      : 4.954802e-01
2025-12-29 01:43:09,354 | FDSE_FAIL_COUNT    : 1
2025-12-29 01:43:09,354 | FDSE_ACTION        : REVERT_TO_Z_FRAME
2025-12-29 01:43:09,354 | AIR_JUDGE_FUNCTION : HARD_FAIL
2025-12-29 01:43:09,355 | FDSE_RESIDUAL      : 4.954802e-01
2025-12-29 01:43:09,355 | FDSE_FAIL_COUNT    : 2
2025-12-29 01:43:09,355 | FDSE_ACTION        : REVERT_TO_Z_FRAME
2025-12-29 01:43:09,355 | AIR_JUDGE_FUNCTION : HARD_FAIL
2025-12-29 01:43:09,355 | FDSE_RESIDUAL      : 4.954802e-01
2025-12-29 01:43:09,355 | FDSE_FAIL_COUNT    : 3
2025-12-29 01:43:09,356 | FDSE_ACTION        : WHITE_ROOM
2025-12-29 01:43:09,356 | AIR_JUDGE_FUNCTION : HARD_FAIL
2025-12-29 01:43:09,356 | FDSE_RESIDUAL      : 4.954802e-01
2025-12-29 01:43:09,356 | FDSE_FAIL_COUNT    : 4
2025-12-29 01:43:09,357 | FDSE_ACTION        : WHITE_ROOM
2025-12-29 01:43:09,357 | AIR_JUDGE_FUNCTION : HARD_FAIL
2025-12-29 01:43:09,357 | FDSE_RESIDUAL      : 4.954802e-01
2025-12-29 01:43:09,357 | FDSE_FAIL_COUNT    : 5
2025-12-29 01:43:09,357 | FDSE_ACTION        : WHITE_ROOM
2025-12-29 01:43:09,357 | ======================================================================
2025-12-29 01:43:09,358 | FDSE TEST 2 — COMPLETE
2025-12-29 01:43:09,358 | ======================================================================
