2025-12-28 20:38:17,426 | =====================================================================
2025-12-28 20:38:17,426 | TETRAKLEIN IPV6 + PQC IDENTITY AUDIT — START
2025-12-28 20:38:17,426 | =====================================================================
2025-12-28 20:38:17,429 | DOMAIN_SEPARATOR    : TETRAKLEIN::PQC::IPV6::NODEID
2025-12-28 20:38:17,430 | KYBER1024_PUB_FP    : 70f0d17e397ccdbf
2025-12-28 20:38:17,430 | DILITHIUM5_PUB_FP  : 6943ab123a984bf1
2025-12-28 20:38:17,430 | NODE_HASH_SHA256   : df47e995d6eec4be0ba16cc13a24ca25effeb6a3712e94977dcb91748542fd69
2025-12-28 20:38:17,430 | NODE_HASH_LOWER120 : feb6a3712e94977dcb91748542fd69
2025-12-28 20:38:17,430 | ULA_PREFIX         : fd00::/8
2025-12-28 20:38:17,430 | IPV6_ADDRESS       : fd00:feb6:a371:2e94:977d:cb91:7485:42fd:69
2025-12-28 20:38:17,431 | DETERMINISM_CHECK  : PASS
2025-12-28 20:38:17,431 | MUTATION_DETECTED  : True
2025-12-28 20:38:17,431 | Q6_NEIGHBORS       : [6, 5, 3, 15, 23, 39]
2025-12-28 20:38:17,431 | IDENTITY_AIR_DEPTH : 64
2025-12-28 20:38:17,431 | VERIFIER_OPS       : 74
2025-12-28 20:38:17,431 | AUDIT_DIGEST_SHA256: 9fa4b3686f91877e9bfd254a6f3c0f035559ebc4263ae47deca279be8ae97082
2025-12-28 20:38:17,432 | RUNTIME            : 0.003s
2025-12-28 20:38:17,432 | MEMORY_DELTA       : 0.55 MB
2025-12-28 20:38:17,432 | =====================================================================
2025-12-28 20:38:17,432 | TETRAKLEIN IPV6 + PQC IDENTITY AUDIT — COMPLETE
2025-12-28 20:38:17,432 | =====================================================================
