2025-12-28 18:49:17,528 | ======================================================================
2025-12-28 18:49:17,528 | TETRAKLEIN ADVERSARIAL SCHEDULING AUDIT — START
2025-12-28 18:49:17,528 | ======================================================================
2025-12-28 18:49:17,530 | SAFETY OK       : True
2025-12-28 18:49:17,530 | LIVENESS OK     : True
2025-12-28 18:49:17,530 | MAX RESIDUAL    : 1.3873e-01
2025-12-28 18:49:17,531 | VERIFIER OPS   : 2007
2025-12-28 18:49:17,531 | RECOVERY EPOCHS: 6
2025-12-28 18:49:17,531 | RUNTIME        : 0.002s
2025-12-28 18:49:17,531 | MEMORY DELTA   : 0.61 MB
2025-12-28 18:49:17,531 | TETRAKLEIN ADVERSARIAL AUDIT COMPLETE
2025-12-28 18:49:18,997 | ======================================================================
2025-12-28 18:49:18,997 | TETRAKLEIN ADVERSARIAL SCHEDULING AUDIT — START
2025-12-28 18:49:18,997 | ======================================================================
2025-12-28 18:49:18,999 | SAFETY OK       : True
2025-12-28 18:49:18,999 | LIVENESS OK     : True
2025-12-28 18:49:18,999 | MAX RESIDUAL    : 1.3873e-01
2025-12-28 18:49:18,999 | VERIFIER OPS   : 2007
2025-12-28 18:49:19,000 | RECOVERY EPOCHS: 6
2025-12-28 18:49:19,000 | RUNTIME        : 0.002s
2025-12-28 18:49:19,000 | MEMORY DELTA   : 0.64 MB
2025-12-28 18:49:19,000 | TETRAKLEIN ADVERSARIAL AUDIT COMPLETE
2025-12-28 18:49:20,214 | ======================================================================
2025-12-28 18:49:20,214 | TETRAKLEIN ADVERSARIAL SCHEDULING AUDIT — START
2025-12-28 18:49:20,214 | ======================================================================
2025-12-28 18:49:20,217 | SAFETY OK       : True
2025-12-28 18:49:20,217 | LIVENESS OK     : True
2025-12-28 18:49:20,217 | MAX RESIDUAL    : 1.3873e-01
2025-12-28 18:49:20,217 | VERIFIER OPS   : 2007
2025-12-28 18:49:20,218 | RECOVERY EPOCHS: 6
2025-12-28 18:49:20,218 | RUNTIME        : 0.002s
2025-12-28 18:49:20,218 | MEMORY DELTA   : 0.62 MB
2025-12-28 18:49:20,218 | TETRAKLEIN ADVERSARIAL AUDIT COMPLETE
2025-12-28 18:49:44,258 | ======================================================================
2025-12-28 18:49:44,258 | TETRAKLEIN ADVERSARIAL SCHEDULING AUDIT — START
2025-12-28 18:49:44,259 | ======================================================================
2025-12-28 18:49:44,261 | SAFETY OK       : True
2025-12-28 18:49:44,261 | LIVENESS OK     : True
2025-12-28 18:49:44,261 | MAX RESIDUAL    : 1.3873e-01
2025-12-28 18:49:44,261 | VERIFIER OPS   : 2007
2025-12-28 18:49:44,261 | RECOVERY EPOCHS: 6
2025-12-28 18:49:44,261 | RUNTIME        : 0.002s
2025-12-28 18:49:44,262 | MEMORY DELTA   : 0.57 MB
2025-12-28 18:49:44,262 | TETRAKLEIN ADVERSARIAL AUDIT COMPLETE
2025-12-28 18:49:45,564 | ======================================================================
2025-12-28 18:49:45,564 | TETRAKLEIN ADVERSARIAL SCHEDULING AUDIT — START
2025-12-28 18:49:45,564 | ======================================================================
2025-12-28 18:49:45,566 | SAFETY OK       : True
2025-12-28 18:49:45,566 | LIVENESS OK     : True
2025-12-28 18:49:45,566 | MAX RESIDUAL    : 1.3873e-01
2025-12-28 18:49:45,566 | VERIFIER OPS   : 2007
2025-12-28 18:49:45,567 | RECOVERY EPOCHS: 6
2025-12-28 18:49:45,567 | RUNTIME        : 0.002s
2025-12-28 18:49:45,567 | MEMORY DELTA   : 0.63 MB
2025-12-28 18:49:45,567 | TETRAKLEIN ADVERSARIAL AUDIT COMPLETE
2025-12-28 18:49:46,699 | ======================================================================
2025-12-28 18:49:46,699 | TETRAKLEIN ADVERSARIAL SCHEDULING AUDIT — START
2025-12-28 18:49:46,700 | ======================================================================
2025-12-28 18:49:46,702 | SAFETY OK       : True
2025-12-28 18:49:46,702 | LIVENESS OK     : True
2025-12-28 18:49:46,702 | MAX RESIDUAL    : 1.3873e-01
2025-12-28 18:49:46,702 | VERIFIER OPS   : 2007
2025-12-28 18:49:46,702 | RECOVERY EPOCHS: 6
2025-12-28 18:49:46,702 | RUNTIME        : 0.002s
2025-12-28 18:49:46,703 | MEMORY DELTA   : 0.61 MB
2025-12-28 18:49:46,703 | TETRAKLEIN ADVERSARIAL AUDIT COMPLETE
